Mon Apr 15 15:03:40 CEST 2024
;; 1. Based on: EPAR
;; 2. Description: 1 cmpt with addi+prop error
;; x1. Author: u0137111
$PROBLEM   
$INPUT      ID STUDY WEEK TIME TAD EVID MDV AMT RATE CMT DV LNCONC LOQ
            OCC OCC_DOSETYPE ATI_titer ATI_CAT ATI_OVERALL NAB_CAT BWT
            BMI AGE SEX ALB CRP WBC HB PLT LYM COIMMU
            CO_STEROID_BASELINE CO_STEROID DIS_DUR DISEASE
$DATA      IFX_SC_PK_NONMEM_reduced_BLOQ.csv IGNORE=@
$SUBROUTINE ADVAN13 TOL=9
$MODEL      NCOMP=3 COMP=(DEPOT) ; Absorption compartment
            COMP=(CENTRAL) ; Central compartment
            COMP=(AUC) ; For calculating AUC 
$PK
A_0(1)= 0

TVF1 = THETA(1)
F1   = TVF1* EXP(ETA(1))

;absorption
TVKA = THETA(2)
KA   = TVKA* EXP(ETA(2))

;Elimination
TVCL = THETA(3)
CL   = TVCL*EXP(ETA(3))

;distribution
TVV1 = THETA(4) 
V1   = TVV1*EXP(ETA(4))  

S1  = V1
KE  = CL/V1

$DES
DADT(1) = -KA*A(1)
DADT(2) =  KA*A(1) -KE*A(2)
DADT(3) =  A(2)/V1

$ERROR
AUC   = A(3)
IPRED = F
IRES  = DV - IPRED
W     = SQRT((THETA(5)*IPRED)**2 + THETA(6)**2)
IF (W.EQ.0) W = 1
IWRES = IRES/W 

LLOQ=0.1
IF (DV.GE.LLOQ) THEN
   F_FLAG = 0
   Y      = IPRED + EPS(1)*W
ELSE
   F_FLAG = 1
   Y      = PHI((LLOQ-IPRED)/W)
ENDIF

IF (ICALL.EQ.4) THEN
Y = IPRED +  EPS(1)*W
END IF

$THETA  (0,0.576,1) ; 1 F
 (0,0.21648) ; 2 KA
 (0,0.3024) ; 3 CL
 (0,2.89) ; 4 V1
 (0,0.353) ; 5 PROP ERROR
 (0,0.300) ; 6 ADDI ERROR
$OMEGA  0.05  ;    1. omF1
 0.05  ;    2. omKA
 0.05  ;    3. omCL
 0.05  ;    5. omV1
$SIGMA  1  FIX
$ESTIMATION METHOD=1 INTER LAPLACIAN NUMERICAL MAXEVAL=9999
            SADDLE_RESET=1 SIGL=9 NSIG=3
$COVARIANCE Matrix=S PRINT=E
$TABLE      ID STUDY TIME IPRED IWRES CWRES NOPRINT ONEHEADER
            FILE=sdtab1
$TABLE      ID ATI_titer ATI_CAT ATI_OVERALL NAB_CAT BWT BMI AGE SEX
            ALB CRP WBC HB PLT LYM COIMMU CO_STEROID_BASELINE
            CO_STEROID DIS_DUR DISEASE NOPRINT NOAPPEND ONEHEADER
            FILE=cotab1
$TABLE      ID ATI_CAT ATI_OVERALL NAB_CAT SEX COIMMU
            CO_STEROID_BASELINE CO_STEROID DIS_DUR DISEASE NOPRINT
            NOAPPEND ONEHEADER FILE=catab1
$TABLE      ID F1 KA CL V1 NOPRINT NOAPPEND ONEHEADER FILE=patab1
$TABLE      ID STUDY WEEK TIME TAD EVID MDV AMT RATE CMT DV LNCONC LOQ
            OCC OCC_DOSETYPE ATI_titer ATI_CAT ATI_OVERALL NAB_CAT BWT
            BMI AGE SEX ALB CRP WBC HB PLT LYM COIMMU
            CO_STEROID_BASELINE CO_STEROID DIS_DUR DISEASE F1 KA CL V1
            PRED IPRED AUC IWRES CWRES NOPRINT NOAPPEND ONEHEADER
            FILE=fulltab1


NM-TRAN MESSAGES
  
 WARNINGS AND ERRORS (IF ANY) FOR PROBLEM    1
             
 (WARNING  2) NM-TRAN INFERS THAT THE DATA ARE POPULATION.
             
 (WARNING  90) WITH "NUMERICAL", "SLOW" IS ALSO REQUIRED ON $ESTIM RECORD.
 NM-TRAN HAS SUPPLIED THIS OPTION.
             
 (WARNING  27) THE ABBREVIATED CODE CONTAINS A SIMULATION BLOCK BUT THERE IS
 NO $SIMULATION RECORD.

License Registered to: Katholieke Universiteit Leuven
Expiration Date:    14 NOV 2025
Current Date:       15 APR 2024
Days until program expires : 574
1NONLINEAR MIXED EFFECTS MODEL PROGRAM (NONMEM) VERSION 7.5.0
 ORIGINALLY DEVELOPED BY STUART BEAL, LEWIS SHEINER, AND ALISON BOECKMANN
 CURRENT DEVELOPERS ARE ROBERT BAUER, ICON DEVELOPMENT SOLUTIONS,
 AND ALISON BOECKMANN. IMPLEMENTATION, EFFICIENCY, AND STANDARDIZATION
 PERFORMED BY NOUS INFOSYSTEMS.

 PROBLEM NO.:         1

0DATA CHECKOUT RUN:              NO
 DATA SET LOCATED ON UNIT NO.:    2
 THIS UNIT TO BE REWOUND:        NO
 NO. OF DATA RECS IN DATA SET:    11036
 NO. OF DATA ITEMS IN DATA SET:  34
 ID DATA ITEM IS DATA ITEM NO.:   1
 DEP VARIABLE IS DATA ITEM NO.:  11
 MDV DATA ITEM IS DATA ITEM NO.:  7
0INDICES PASSED TO SUBROUTINE PRED:
   6   4   8   9   0   0  10   0   0   0   0
0LABELS FOR DATA ITEMS:
 ID STUDY WEEK TIME TAD EVID MDV AMT RATE CMT DV LNCONC LOQ OCC OCC_DOSETYPE ATI_titer ATI_CAT ATI_OVERALL NAB_CAT BWT BMI
 AGE SEX ALB CRP WBC HB PLT LYM COIMMU CO_STEROID_BASELINE CO_STEROID DIS_DUR DISEASE
0(NONBLANK) LABELS FOR PRED-DEFINED ITEMS:
 F1 KA CL V1 AUC IPRED IWRES
0FORMAT FOR DATA:
 (11(3E21.0/),1E21.0)

 TOT. NO. OF OBS RECS:     7351
 TOT. NO. OF INDIVIDUALS:      432
0LENGTH OF THETA:   6
0DEFAULT THETA BOUNDARY TEST OMITTED:    NO
0OMEGA HAS SIMPLE DIAGONAL FORM WITH DIMENSION:   4
0DEFAULT OMEGA BOUNDARY TEST OMITTED:    NO
0SIGMA HAS SIMPLE DIAGONAL FORM WITH DIMENSION:   1
0DEFAULT SIGMA BOUNDARY TEST OMITTED:    NO
0INITIAL ESTIMATE OF THETA:
 LOWER BOUND    INITIAL EST    UPPER BOUND
  0.0000E+00     0.5760E+00     0.1000E+01
  0.0000E+00     0.2165E+00     0.1000E+07
  0.0000E+00     0.3024E+00     0.1000E+07
  0.0000E+00     0.2890E+01     0.1000E+07
  0.0000E+00     0.3530E+00     0.1000E+07
  0.0000E+00     0.3000E+00     0.1000E+07
0INITIAL ESTIMATE OF OMEGA:
 0.5000E-01
 0.0000E+00   0.5000E-01
 0.0000E+00   0.0000E+00   0.5000E-01
 0.0000E+00   0.0000E+00   0.0000E+00   0.5000E-01
0INITIAL ESTIMATE OF SIGMA:
 0.1000E+01
0SIGMA CONSTRAINED TO BE THIS INITIAL ESTIMATE
0COVARIANCE STEP OMITTED:        NO
 R MATRIX SUBSTITUTED:           NO
 S MATRIX SUBSTITUTED:          YES
 EIGENVLS. PRINTED:             YES
 SPECIAL COMPUTATION:            NO
 COMPRESSED FORMAT:              NO
 GRADIENT METHOD USED:       SLOW
 SIGDIGITS ETAHAT (SIGLO):                  -1
 SIGDIGITS GRADIENTS (SIGL):                -1
 EXCLUDE COV FOR FOCE (NOFCOV):              NO
 Cholesky Transposition of R Matrix (CHOLROFF):0
 KNUTHSUMOFF:                                -1
 RESUME COV ANALYSIS (RESUME):               NO
 SIR SAMPLE SIZE (SIRSAMPLE):
 NON-LINEARLY TRANSFORM THETAS DURING COV (THBND): 1
 PRECONDTIONING CYCLES (PRECOND):        0
 PRECONDTIONING TYPES (PRECONDS):        TOS
 FORCED PRECONDTIONING CYCLES (PFCOND):0
 PRECONDTIONING TYPE (PRETYPE):        0
 FORCED POS. DEFINITE SETTING DURING PRECONDITIONING: (FPOSDEF):0
 SIMPLE POS. DEFINITE SETTING: (POSDEF):-1
0TABLES STEP OMITTED:    NO
 NO. OF TABLES:           5
 SEED NUMBER (SEED):    11456
 RANMETHOD:             3U
 MC SAMPLES (ESAMPLE):    300
 WRES SQUARE ROOT TYPE (WRESCHOL): EIGENVALUE
0-- TABLE   1 --
0RECORDS ONLY:    ALL
04 COLUMNS APPENDED:    YES
 PRINTED:                NO
 HEADERS:               ONE
 FILE TO BE FORWARDED:   NO
 FORMAT:                S1PE11.4
 IDFORMAT:
 LFORMAT:
 RFORMAT:
 FIXED_EFFECT_ETAS:
0USER-CHOSEN ITEMS:
 ID STUDY TIME IPRED IWRES CWRES
0-- TABLE   2 --
0RECORDS ONLY:    ALL
04 COLUMNS APPENDED:    NO
 PRINTED:                NO
 HEADERS:               ONE
 FILE TO BE FORWARDED:   NO
 FORMAT:                S1PE11.4
 IDFORMAT:
 LFORMAT:
 RFORMAT:
 FIXED_EFFECT_ETAS:
0USER-CHOSEN ITEMS:
 ID ATI_titer ATI_CAT ATI_OVERALL NAB_CAT BWT BMI AGE SEX ALB CRP WBC HB PLT LYM COIMMU CO_STEROID_BASELINE CO_STEROID
 DIS_DUR DISEASE
0-- TABLE   3 --
0RECORDS ONLY:    ALL
04 COLUMNS APPENDED:    NO
 PRINTED:                NO
 HEADERS:               ONE
 FILE TO BE FORWARDED:   NO
 FORMAT:                S1PE11.4
 IDFORMAT:
 LFORMAT:
 RFORMAT:
 FIXED_EFFECT_ETAS:
0USER-CHOSEN ITEMS:
 ID ATI_CAT ATI_OVERALL NAB_CAT SEX COIMMU CO_STEROID_BASELINE CO_STEROID DIS_DUR DISEASE
0-- TABLE   4 --
0RECORDS ONLY:    ALL
04 COLUMNS APPENDED:    NO
 PRINTED:                NO
 HEADERS:               ONE
 FILE TO BE FORWARDED:   NO
 FORMAT:                S1PE11.4
 IDFORMAT:
 LFORMAT:
 RFORMAT:
 FIXED_EFFECT_ETAS:
0USER-CHOSEN ITEMS:
 ID F1 KA CL V1
0-- TABLE   5 --
0RECORDS ONLY:    ALL
04 COLUMNS APPENDED:    NO
 PRINTED:                NO
 HEADERS:               ONE
 FILE TO BE FORWARDED:   NO
 FORMAT:                S1PE11.4
 IDFORMAT:
 LFORMAT:
 RFORMAT:
 FIXED_EFFECT_ETAS:
0USER-CHOSEN ITEMS:
 ID STUDY WEEK TIME TAD EVID MDV AMT RATE CMT DV LNCONC LOQ OCC OCC_DOSETYPE ATI_titer ATI_CAT ATI_OVERALL NAB_CAT BWT BMI
 AGE SEX ALB CRP WBC HB PLT LYM COIMMU CO_STEROID_BASELINE CO_STEROID DIS_DUR DISEASE F1 KA CL V1 PRED IPRED AUC IWRES
 CWRES
1DOUBLE PRECISION PREDPP VERSION 7.5.0

 GENERAL NONLINEAR KINETICS MODEL WITH STIFF/NONSTIFF EQUATIONS (LSODA, ADVAN13)
0MODEL SUBROUTINE USER-SUPPLIED - ID NO. 9999
0MAXIMUM NO. OF BASIC PK PARAMETERS:   3
0COMPARTMENT ATTRIBUTES
 COMPT. NO.   FUNCTION   INITIAL    ON/OFF      DOSE      DEFAULT    DEFAULT
                         STATUS     ALLOWED    ALLOWED    FOR DOSE   FOR OBS.
    1         DEPOT        ON         YES        YES        YES        NO
    2         CENTRAL      ON         YES        YES        NO         YES
    3         AUC          ON         YES        YES        NO         NO
    4         OUTPUT       OFF        YES        NO         NO         NO
 INITIAL (BASE) TOLERANCE SETTINGS:
 NRD (RELATIVE) VALUE(S) OF TOLERANCE:   9
 ANRD (ABSOLUTE) VALUE(S) OF TOLERANCE:  12
1
 ADDITIONAL PK PARAMETERS - ASSIGNMENT OF ROWS IN GG
 COMPT. NO.                             INDICES
              SCALE      BIOAVAIL.   ZERO-ORDER  ZERO-ORDER  ABSORB
                         FRACTION    RATE        DURATION    LAG
    1            5           4           *           *           *
    2            *           *           *           *           *
    3            *           *           *           *           *
    4            *           -           -           -           -
             - PARAMETER IS NOT ALLOWED FOR THIS MODEL
             * PARAMETER IS NOT SUPPLIED BY PK SUBROUTINE;
               WILL DEFAULT TO ONE IF APPLICABLE
0DATA ITEM INDICES USED BY PRED ARE:
   EVENT ID DATA ITEM IS DATA ITEM NO.:      6
   TIME DATA ITEM IS DATA ITEM NO.:          4
   DOSE AMOUNT DATA ITEM IS DATA ITEM NO.:   8
   DOSE RATE DATA ITEM IS DATA ITEM NO.:     9
   COMPT. NO. DATA ITEM IS DATA ITEM NO.:   10

0PK SUBROUTINE CALLED WITH EVERY EVENT RECORD.
 PK SUBROUTINE NOT CALLED AT NONEVENT (ADDITIONAL OR LAGGED) DOSE TIMES.
0PK SUBROUTINE INDICATES THAT COMPARTMENT AMOUNTS ARE INITIALIZED.
0ERROR SUBROUTINE CALLED WITH EVERY EVENT RECORD.
0DES SUBROUTINE USES COMPACT STORAGE MODE.

 #PARA: PARAFILE=/vsc-hard-mounts/leuven-data/357/vsc35700/Fluco_revised/R_code/Zhigang/mpilinux8.pnm, PROTOCOL=MPI, NODES= 2

1


 #TBLN:      1
 #METH: Laplacian Conditional Estimation with Interaction

 ESTIMATION STEP OMITTED:                 NO
 ANALYSIS TYPE:                           POPULATION
 NUMBER OF SADDLE POINT RESET ITERATIONS:      1
 HESSIAN USED IN SADDLE POINT RESET: VARIABLE METRIC
 GRADIENT METHOD USED:               SLOW
 CONDITIONAL ESTIMATES USED:              YES
 CENTERED ETA:                            NO
 EPS-ETA INTERACTION:                     YES
 LAPLACIAN OBJ. FUNC.:                    YES
 NUMERICAL 2ND DERIVATIVES:               YES
 NO. OF FUNCT. EVALS. ALLOWED:            9999
 NO. OF SIG. FIGURES REQUIRED:            3
 INTERMEDIATE PRINTOUT:                   YES
 ESTIMATE OUTPUT TO MSF:                  NO
 IND. OBJ. FUNC. VALUES SORTED:           NO
 NUMERICAL DERIVATIVE
       FILE REQUEST (NUMDER):               NONE
 MAP (ETAHAT) ESTIMATION METHOD (OPTMAP):   0
 ETA HESSIAN EVALUATION METHOD (ETADER):    0
 INITIAL ETA FOR MAP ESTIMATION (MCETA):    0
 SIGDIGITS FOR MAP ESTIMATION (SIGLO):      9
 GRADIENT SIGDIGITS OF
       FIXED EFFECTS PARAMETERS (SIGL):     9
 NOPRIOR SETTING (NOPRIOR):                 0
 NOCOV SETTING (NOCOV):                     OFF
 DERCONT SETTING (DERCONT):                 OFF
 FINAL ETA RE-EVALUATION (FNLETA):          1
 EXCLUDE NON-INFLUENTIAL (NON-INFL.) ETAS
       IN SHRINKAGE (ETASTYPE):             NO
 NON-INFL. ETA CORRECTION (NONINFETA):      0
 RAW OUTPUT FILE (FILE): psn.ext
 EXCLUDE TITLE (NOTITLE):                   NO
 EXCLUDE COLUMN LABELS (NOLABEL):           NO
 FORMAT FOR ADDITIONAL FILES (FORMAT):      S1PE12.5
 PARAMETER ORDER FOR OUTPUTS (ORDER):       TSOL
 KNUTHSUMOFF:                               0
 INCLUDE LNTWOPI:                           NO
 INCLUDE CONSTANT TERM TO PRIOR (PRIORC):   NO
 INCLUDE CONSTANT TERM TO OMEGA (ETA) (OLNTWOPI):NO
 ADDITIONAL CONVERGENCE TEST (CTYPE=4)?:    NO
 EM OR BAYESIAN METHOD USED:                 NONE

 TOLERANCES FOR ESTIMATION/EVALUATION STEP:
 NRD (RELATIVE) VALUE(S) OF TOLERANCE:   9
 ANRD (ABSOLUTE) VALUE(S) OF TOLERANCE:  12
 TOLERANCES FOR COVARIANCE STEP:
 NRD (RELATIVE) VALUE(S) OF TOLERANCE:   9
 ANRD (ABSOLUTE) VALUE(S) OF TOLERANCE:  12
 TOLERANCES FOR TABLE/SCATTER STEP:
 NRD (RELATIVE) VALUE(S) OF TOLERANCE:   9
 ANRD (ABSOLUTE) VALUE(S) OF TOLERANCE:  12

 THE FOLLOWING LABELS ARE EQUIVALENT
 PRED=PREDI
 RES=RESI
 WRES=WRESI
 IWRS=IWRESI
 IPRD=IPREDI
 IRS=IRESI

 MONITORING OF SEARCH:


0ITERATION NO.:    0    OBJECTIVE VALUE:   36987.3456000021        NO. OF FUNC. EVALS.:  11
 CUMULATIVE NO. OF FUNC. EVALS.:       11
 NPARAMETR:  5.7600E-01  2.1648E-01  3.0240E-01  2.8900E+00  3.5300E-01  3.0000E-01  5.0000E-02  5.0000E-02  5.0000E-02  5.0000E-02

 PARAMETER:  1.0000E-01  1.0000E-01  1.0000E-01  1.0000E-01  1.0000E-01  1.0000E-01  1.0000E-01  1.0000E-01  1.0000E-01  1.0000E-01

 GRADIENT:   3.8069E+03  4.3361E+03 -2.3279E+03  2.3267E+03 -9.5727E+02 -3.1314E+02 -5.8558E+03 -2.6467E+03 -4.9583E+02 -4.8925E+02


0ITERATION NO.:   34    OBJECTIVE VALUE:   31336.5730875007        NO. OF FUNC. EVALS.: 579
 CUMULATIVE NO. OF FUNC. EVALS.:      590
 NPARAMETR:  2.1161E-01  1.6723E-01  2.7951E-01  2.5360E+00  3.6018E-01  3.1483E-01  1.2204E-01  3.0323E-01  9.1814E-02  8.2076E-03

 PARAMETER: -1.5216E+00 -1.5813E-01  2.1297E-02 -3.0674E-02  1.2014E-01  1.4826E-01  5.4616E-01  1.0012E+00  4.0387E-01 -8.0346E-01

 GRADIENT:   7.4050E-02 -3.4004E-05 -1.4620E-01  5.1225E-02  7.7588E-01  1.5272E-01  1.1212E-01  4.3200E-02  3.0903E-02  4.5128E-02

 NUMSIGDIG:         4.7         7.3         4.1         4.4         3.6         2.9         3.6         4.3         4.2         3.1

  
0SADDLE POINT RESET

0ITERATION NO.:   35    OBJECTIVE VALUE:   31336.7126930958        NO. OF FUNC. EVALS.:  11
 CUMULATIVE NO. OF FUNC. EVALS.:      601
 NPARAMETR:  2.1161E-01  1.6723E-01  2.7951E-01  2.5360E+00  3.6018E-01  3.1483E-01  1.2204E-01  3.0323E-01  9.1814E-02  1.1592E-02

 PARAMETER: -1.5216E+00 -1.5813E-01  2.1297E-02 -3.0674E-02  1.2014E-01  1.4826E-01  5.4616E-01  1.0012E+00  4.0387E-01 -6.3086E-01

 GRADIENT:   1.1887E+00  2.7251E+00 -9.6388E+00 -1.3790E+01  6.6316E+00 -6.8401E+00  2.1370E+00  7.2445E-01  1.4193E+01  2.3833E+00


0ITERATION NO.:   53    OBJECTIVE VALUE:   31336.5730652407        NO. OF FUNC. EVALS.: 354
 CUMULATIVE NO. OF FUNC. EVALS.:      955
 NPARAMETR:  2.1161E-01  1.6723E-01  2.8074E-01  2.5469E+00  3.6018E-01  3.1484E-01  1.2202E-01  3.0320E-01  8.8506E-02  1.1528E-02

 PARAMETER: -1.5216E+00 -1.5814E-01  2.5686E-02 -2.6392E-02  1.2012E-01  1.4828E-01  5.4609E-01  1.0012E+00  3.8552E-01 -6.3364E-01

 GRADIENT:  -4.8143E-02  1.3832E-01  3.4378E-01  9.2776E-03  1.5842E-01  5.6117E-02  1.4966E-02 -2.1147E-02  8.2741E-02 -3.0856E-04


 #TERM:
0MINIMIZATION SUCCESSFUL
 HOWEVER, PROBLEMS OCCURRED WITH THE MINIMIZATION.
 REGARD THE RESULTS OF THE ESTIMATION STEP CAREFULLY, AND ACCEPT THEM ONLY
 AFTER CHECKING THAT THE COVARIANCE STEP PRODUCES REASONABLE OUTPUT.
 NO. OF FUNCTION EVALUATIONS USED:      955
 NO. OF SIG. DIGITS IN FINAL EST.:  3.4

 ETABAR IS THE ARITHMETIC MEAN OF THE ETA-ESTIMATES,
 AND THE P-VALUE IS GIVEN FOR THE NULL HYPOTHESIS THAT THE TRUE MEAN IS 0.

 ETABAR:        -1.4722E-02  2.3350E-02  1.6551E-02 -2.1557E-03
 SE:             1.3985E-02  1.9646E-02  1.2402E-02  1.6152E-03
 N:                     432         432         432         432

 P VAL.:         2.9246E-01  2.3463E-01  1.8200E-01  1.8200E-01

 ETASHRINKSD(%)  1.6694E+01  2.5756E+01  1.3257E+01  6.8695E+01
 ETASHRINKVR(%)  3.0601E+01  4.4878E+01  2.4756E+01  9.0200E+01
 EBVSHRINKSD(%)  2.1729E+01  2.5684E+01  1.9801E+01  7.1057E+01
 EBVSHRINKVR(%)  3.8736E+01  4.4772E+01  3.5681E+01  9.1623E+01
 RELATIVEINF(%)  5.4192E+01  5.0838E+01  1.0000E-10  1.0000E-10
 EPSSHRINKSD(%)  8.4699E+00
 EPSSHRINKVR(%)  1.6222E+01

  
 TOTAL DATA POINTS NORMALLY DISTRIBUTED (N):         7146
 N*LOG(2PI) CONSTANT TO OBJECTIVE FUNCTION:    13133.469516561181     
 OBJECTIVE FUNCTION VALUE WITHOUT CONSTANT:    31336.573065240678     
 OBJECTIVE FUNCTION VALUE WITH CONSTANT:       44470.042581801856     
 REPORTED OBJECTIVE FUNCTION DOES NOT CONTAIN CONSTANT
  
 TOTAL EFFECTIVE ETAS (NIND*NETA):                          1626
  
 #TERE:
 Elapsed estimation  time in seconds:  3208.97
 Elapsed covariance  time in seconds:    71.63
 Elapsed postprocess time in seconds:     5.11
1
 
 
 
 
 
 
 
 
 
 
 
 
 
 
 
 
 
 
 
 
 ************************************************************************************************************************
 ********************                                                                                ********************
 ********************                LAPLACIAN CONDITIONAL ESTIMATION WITH INTERACTION               ********************
 #OBJT:**************                       MINIMUM VALUE OF OBJECTIVE FUNCTION                      ********************
 ********************                                                                                ********************
 ************************************************************************************************************************
 





 #OBJV:********************************************    31336.573       **************************************************
1
 ************************************************************************************************************************
 ********************                                                                                ********************
 ********************                LAPLACIAN CONDITIONAL ESTIMATION WITH INTERACTION               ********************
 ********************                             FINAL PARAMETER ESTIMATE                           ********************
 ********************                                                                                ********************
 ************************************************************************************************************************
 


 THETA - VECTOR OF FIXED EFFECTS PARAMETERS   *********


         TH 1      TH 2      TH 3      TH 4      TH 5      TH 6     
 
         2.12E-01  1.67E-01  2.81E-01  2.55E+00  3.60E-01  3.15E-01
 


 OMEGA - COV MATRIX FOR RANDOM EFFECTS - ETAS  ********


         ETA1      ETA2      ETA3      ETA4     
 
 ETA1
+        1.22E-01
 
 ETA2
+        0.00E+00  3.03E-01
 
 ETA3
+        0.00E+00  0.00E+00  8.85E-02
 
 ETA4
+        0.00E+00  0.00E+00  0.00E+00  1.15E-02
 


 SIGMA - COV MATRIX FOR RANDOM EFFECTS - EPSILONS  ****


         EPS1     
 
 EPS1
+        1.00E+00
 
1


 OMEGA - CORR MATRIX FOR RANDOM EFFECTS - ETAS  *******


         ETA1      ETA2      ETA3      ETA4     
 
 ETA1
+        3.49E-01
 
 ETA2
+        0.00E+00  5.51E-01
 
 ETA3
+        0.00E+00  0.00E+00  2.97E-01
 
 ETA4
+        0.00E+00  0.00E+00  0.00E+00  1.07E-01
 


 SIGMA - CORR MATRIX FOR RANDOM EFFECTS - EPSILONS  ***


         EPS1     
 
 EPS1
+        1.00E+00
 
1
 ************************************************************************************************************************
 ********************                                                                                ********************
 ********************                LAPLACIAN CONDITIONAL ESTIMATION WITH INTERACTION               ********************
 ********************                            STANDARD ERROR OF ESTIMATE                          ********************
 ********************                                                                                ********************
 ************************************************************************************************************************
 


 THETA - VECTOR OF FIXED EFFECTS PARAMETERS   *********


         TH 1      TH 2      TH 3      TH 4      TH 5      TH 6     
 
         4.92E-03  6.49E-03  1.39E+00  1.26E+01  1.21E-03  1.54E-02
 


 OMEGA - COV MATRIX FOR RANDOM EFFECTS - ETAS  ********


         ETA1      ETA2      ETA3      ETA4     
 
 ETA1
+        7.24E-03
 
 ETA2
+       .........  2.65E-02
 
 ETA3
+       ......... .........  6.77E-01
 
 ETA4
+       ......... ......... .........  6.76E-01
 


 SIGMA - COV MATRIX FOR RANDOM EFFECTS - EPSILONS  ****


         EPS1     
 
 EPS1
+       .........
 
1


 OMEGA - CORR MATRIX FOR RANDOM EFFECTS - ETAS  *******


         ETA1      ETA2      ETA3      ETA4     
 
 ETA1
+        1.04E-02
 
 ETA2
+       .........  2.41E-02
 
 ETA3
+       ......... .........  1.14E+00
 
 ETA4
+       ......... ......... .........  3.15E+00
 


 SIGMA - CORR MATRIX FOR RANDOM EFFECTS - EPSILONS  ***


         EPS1     
 
 EPS1
+       .........
 
1
 ************************************************************************************************************************
 ********************                                                                                ********************
 ********************                LAPLACIAN CONDITIONAL ESTIMATION WITH INTERACTION               ********************
 ********************                          COVARIANCE MATRIX OF ESTIMATE                         ********************
 ********************                                                                                ********************
 ************************************************************************************************************************
 

            TH 1      TH 2      TH 3      TH 4      TH 5      TH 6      OM11      OM12      OM13      OM14      OM22      OM23  
             OM24      OM33      OM34      OM44      SG11  
 
 TH 1
+        2.42E-05
 
 TH 2
+       -6.38E-06  4.22E-05
 
 TH 3
+        3.18E-04 -3.83E-04  1.92E+00
 
 TH 4
+        2.86E-03 -3.50E-03  1.74E+01  1.58E+02
 
 TH 5
+        7.63E-07  3.09E-07 -1.01E-04 -9.23E-04  1.47E-06
 
 TH 6
+       -6.15E-06 -1.66E-05  3.37E-04  3.04E-03 -8.96E-06  2.37E-04
 
 OM11
+        4.36E-06  3.31E-06 -4.18E-04 -3.70E-03 -2.23E-07 -2.83E-05  5.24E-05
 
 OM12
+       ......... ......... ......... ......... ......... ......... ......... .........
 
 OM13
+       ......... ......... ......... ......... ......... ......... ......... ......... .........
 
 OM14
+       ......... ......... ......... ......... ......... ......... ......... ......... ......... .........
 
 OM22
+        1.03E-05 -3.77E-05  5.29E-04  4.61E-03 -2.69E-06  6.06E-05 -3.54E-05 ......... ......... .........  7.04E-04
 
 OM23
+       ......... ......... ......... ......... ......... ......... ......... ......... ......... ......... ......... .........
 
 OM24
+       ......... ......... ......... ......... ......... ......... ......... ......... ......... ......... ......... .........
         .........
 
 OM33
+        3.98E-04 -2.84E-04  8.40E-02  7.59E-01  5.08E-05 -2.27E-04 -1.24E-04 ......... ......... .........  5.19E-04 .........
         .........  4.59E-01
 
 OM34
+       ......... ......... ......... ......... ......... ......... ......... ......... ......... ......... ......... .........
         ......... ......... .........
 
 OM44
+       -3.87E-04  2.74E-04 -8.34E-02 -7.53E-01 -4.93E-05  2.13E-04  1.14E-04 ......... ......... ......... -5.53E-04 .........
         ......... -4.58E-01 .........  4.57E-01
 
 SG11
+       ......... ......... ......... ......... ......... ......... ......... ......... ......... ......... ......... .........
         ......... ......... ......... ......... .........
 
1
 ************************************************************************************************************************
 ********************                                                                                ********************
 ********************                LAPLACIAN CONDITIONAL ESTIMATION WITH INTERACTION               ********************
 ********************                          CORRELATION MATRIX OF ESTIMATE                        ********************
 ********************                                                                                ********************
 ************************************************************************************************************************
 

            TH 1      TH 2      TH 3      TH 4      TH 5      TH 6      OM11      OM12      OM13      OM14      OM22      OM23  
             OM24      OM33      OM34      OM44      SG11  
 
 TH 1
+        4.92E-03
 
 TH 2
+       -2.00E-01  6.49E-03
 
 TH 3
+        4.66E-02 -4.25E-02  1.39E+00
 
 TH 4
+        4.63E-02 -4.29E-02  1.00E+00  1.26E+01
 
 TH 5
+        1.28E-01  3.93E-02 -6.02E-02 -6.05E-02  1.21E-03
 
 TH 6
+       -8.13E-02 -1.67E-01  1.58E-02  1.57E-02 -4.80E-01  1.54E-02
 
 OM11
+        1.22E-01  7.04E-02 -4.17E-02 -4.06E-02 -2.54E-02 -2.54E-01  7.24E-03
 
 OM12
+       ......... ......... ......... ......... ......... ......... ......... .........
 
 OM13
+       ......... ......... ......... ......... ......... ......... ......... ......... .........
 
 OM14
+       ......... ......... ......... ......... ......... ......... ......... ......... ......... .........
 
 OM22
+        7.91E-02 -2.19E-01  1.44E-02  1.38E-02 -8.36E-02  1.48E-01 -1.84E-01 ......... ......... .........  2.65E-02
 
 OM23
+       ......... ......... ......... ......... ......... ......... ......... ......... ......... ......... ......... .........
 
 OM24
+       ......... ......... ......... ......... ......... ......... ......... ......... ......... ......... ......... .........
         .........
 
 OM33
+        1.20E-01 -6.46E-02  8.95E-02  8.91E-02  6.18E-02 -2.18E-02 -2.53E-02 ......... ......... .........  2.89E-02 .........
         .........  6.77E-01
 
 OM34
+       ......... ......... ......... ......... ......... ......... ......... ......... ......... ......... ......... .........
         ......... ......... .........
 
 OM44
+       -1.16E-01  6.23E-02 -8.90E-02 -8.86E-02 -6.01E-02  2.05E-02  2.33E-02 ......... ......... ......... -3.08E-02 .........
         ......... -1.00E+00 .........  6.76E-01
 
 SG11
+       ......... ......... ......... ......... ......... ......... ......... ......... ......... ......... ......... .........
         ......... ......... ......... ......... .........
 
1
 ************************************************************************************************************************
 ********************                                                                                ********************
 ********************                LAPLACIAN CONDITIONAL ESTIMATION WITH INTERACTION               ********************
 ********************                      INVERSE COVARIANCE MATRIX OF ESTIMATE                     ********************
 ********************                                                                                ********************
 ************************************************************************************************************************
 

            TH 1      TH 2      TH 3      TH 4      TH 5      TH 6      OM11      OM12      OM13      OM14      OM22      OM23  
             OM24      OM33      OM34      OM44      SG11  
 
 TH 1
+        4.94E+04
 
 TH 2
+        5.69E+03  2.85E+04
 
 TH 3
+       -4.73E+03 -6.11E+03  4.09E+04
 
 TH 4
+        5.20E+02  6.74E+02 -4.50E+03  4.97E+02
 
 TH 5
+       -2.24E+04  4.87E+03 -8.27E+03  9.18E+02  9.38E+05
 
 TH 6
+       -2.18E+02  2.17E+03 -3.33E+00  5.65E-01  3.75E+04  6.30E+03
 
 OM11
+       -7.74E+03 -3.73E+02  7.86E+03 -8.66E+02  2.56E+04  3.66E+03  2.51E+04
 
 OM12
+       ......... ......... ......... ......... ......... ......... ......... .........
 
 OM13
+       ......... ......... ......... ......... ......... ......... ......... ......... .........
 
 OM14
+       ......... ......... ......... ......... ......... ......... ......... ......... ......... .........
 
 OM22
+       -1.04E+03  1.63E+03 -1.17E+03  1.30E+02  2.38E+03 -3.96E+01  1.11E+03 ......... ......... .........  1.69E+03
 
 OM23
+       ......... ......... ......... ......... ......... ......... ......... ......... ......... ......... ......... .........
 
 OM24
+       ......... ......... ......... ......... ......... ......... ......... ......... ......... ......... ......... .........
         .........
 
 OM33
+       -6.90E+03  4.08E+03 -8.83E+02  9.72E+01 -2.37E+03  1.19E+03  4.55E+03 ......... ......... .........  1.23E+03 .........
         .........  1.56E+04
 
 OM34
+       ......... ......... ......... ......... ......... ......... ......... ......... ......... ......... ......... .........
         ......... ......... .........
 
 OM44
+       -6.88E+03  4.07E+03 -8.60E+02  9.46E+01 -2.32E+03  1.19E+03  4.55E+03 ......... ......... .........  1.23E+03 .........
         .........  1.56E+04 .........  1.56E+04
 
 SG11
+       ......... ......... ......... ......... ......... ......... ......... ......... ......... ......... ......... .........
         ......... ......... ......... ......... .........
 
1
 
 
 
 
 
 
 
 
 
 
 
 
 
 
 
 
 
 
 
 
 ************************************************************************************************************************
 ********************                                                                                ********************
 ********************                LAPLACIAN CONDITIONAL ESTIMATION WITH INTERACTION               ********************
 ********************                      EIGENVALUES OF COR MATRIX OF ESTIMATE                     ********************
 ********************                                                                                ********************
 ************************************************************************************************************************
 

             1         2         3         4         5         6         7         8         9        10
 
         6.37E-06  7.00E-05  4.28E-01  7.11E-01  7.73E-01  1.07E+00  1.26E+00  1.66E+00  1.88E+00  2.23E+00
 
 Elapsed finaloutput time in seconds:     2.19
 #CPUT: Total CPU Time in Seconds,     6474.605
Stop Time:
Mon Apr 15 15:58:52 CEST 2024
