SLURM_JOB_ID: 61332747
SLURM_JOB_USER: vsc35700
SLURM_JOB_ACCOUNT: lp_dreesenlab
SLURM_JOB_NAME: submit_01.sh
SLURM_CLUSTER_NAME: wice
SLURM_JOB_PARTITION: batch
SLURM_NNODES: 1
SLURM_NODELIST: q28c30n2
SLURM_JOB_CPUS_PER_NODE: 72
Date: Mon Apr 15 15:03:30 CEST 2024
Walltime: 00-00:59:00
========================================================================
Starting 1 NONMEM executions. 1 in parallel.
S:1 .. 
All executions started.
Starting NMTRAN
  
 WARNINGS AND ERRORS (IF ANY) FOR PROBLEM    1
             
 (WARNING  2) NM-TRAN INFERS THAT THE DATA ARE POPULATION.
             
 (WARNING  90) WITH "NUMERICAL", "SLOW" IS ALSO REQUIRED ON $ESTIM RECORD.
 NM-TRAN HAS SUPPLIED THIS OPTION.
             
 (WARNING  27) THE ABBREVIATED CODE CONTAINS A SIMULATION BLOCK BUT THERE IS
 NO $SIMULATION RECORD.
Recompiling certain components

 USING PARALLEL PROFILE /vsc-hard-mounts/leuven-data/357/vsc35700/Fluco_revised/R_code/Zhigang/mpilinux8.pnm
 MPI TRANSFER TYPE SELECTED
Building NONMEM Executable
Starting MPI version of nonmem execution ...
Manager Location q28c30n2//vsc-hard-mounts/leuven-data/357/vsc35700/Fluco_revised/R_code/Zhigang/modelfit_dir1/NM_run1
License Registered to: Katholieke Universiteit Leuven
Expiration Date:    14 NOV 2025
Current Date:       15 APR 2024
Days until program expires : 574


 Laplacian Conditional Estimation with Interaction
 MONITORING OF SEARCH:


0ITERATION NO.:    0    OBJECTIVE VALUE:   36987.3456000021        NO. OF FUNC. EVALS.:  11
 CUMULATIVE NO. OF FUNC. EVALS.:       11
 NPARAMETR:  5.7600E-01  2.1648E-01  3.0240E-01  2.8900E+00  3.5300E-01  3.0000E-01  5.0000E-02  5.0000E-02  5.0000E-02  5.0000E-02

 PARAMETER:  1.0000E-01  1.0000E-01  1.0000E-01  1.0000E-01  1.0000E-01  1.0000E-01  1.0000E-01  1.0000E-01  1.0000E-01  1.0000E-01

 GRADIENT:   3.8069E+03  4.3361E+03 -2.3279E+03  2.3267E+03 -9.5727E+02 -3.1314E+02 -5.8558E+03 -2.6467E+03 -4.9583E+02 -4.8925E+02


0ITERATION NO.:   34    OBJECTIVE VALUE:   31336.5730875007        NO. OF FUNC. EVALS.: 579
 CUMULATIVE NO. OF FUNC. EVALS.:      590
 NPARAMETR:  2.1161E-01  1.6723E-01  2.7951E-01  2.5360E+00  3.6018E-01  3.1483E-01  1.2204E-01  3.0323E-01  9.1814E-02  8.2076E-03

 PARAMETER: -1.5216E+00 -1.5813E-01  2.1297E-02 -3.0674E-02  1.2014E-01  1.4826E-01  5.4616E-01  1.0012E+00  4.0387E-01 -8.0346E-01

 GRADIENT:   7.4050E-02 -3.4004E-05 -1.4620E-01  5.1225E-02  7.7588E-01  1.5272E-01  1.1212E-01  4.3200E-02  3.0903E-02  4.5128E-02

 NUMSIGDIG:         4.7         7.3         4.1         4.4         3.6         2.9         3.6         4.3         4.2         3.1

  
0SADDLE POINT RESET

0ITERATION NO.:   35    OBJECTIVE VALUE:   31336.7126930958        NO. OF FUNC. EVALS.:  11
 CUMULATIVE NO. OF FUNC. EVALS.:      601
 NPARAMETR:  2.1161E-01  1.6723E-01  2.7951E-01  2.5360E+00  3.6018E-01  3.1483E-01  1.2204E-01  3.0323E-01  9.1814E-02  1.1592E-02

 PARAMETER: -1.5216E+00 -1.5813E-01  2.1297E-02 -3.0674E-02  1.2014E-01  1.4826E-01  5.4616E-01  1.0012E+00  4.0387E-01 -6.3086E-01

 GRADIENT:   1.1887E+00  2.7251E+00 -9.6388E+00 -1.3790E+01  6.6316E+00 -6.8401E+00  2.1370E+00  7.2445E-01  1.4193E+01  2.3833E+00


0ITERATION NO.:   53    OBJECTIVE VALUE:   31336.5730652407        NO. OF FUNC. EVALS.: 354
 CUMULATIVE NO. OF FUNC. EVALS.:      955
 NPARAMETR:  2.1161E-01  1.6723E-01  2.8074E-01  2.5469E+00  3.6018E-01  3.1484E-01  1.2202E-01  3.0320E-01  8.8506E-02  1.1528E-02

 PARAMETER: -1.5216E+00 -1.5814E-01  2.5686E-02 -2.6392E-02  1.2012E-01  1.4828E-01  5.4609E-01  1.0012E+00  3.8552E-01 -6.3364E-01

 GRADIENT:  -4.8143E-02  1.3832E-01  3.4378E-01  9.2776E-03  1.5842E-01  5.6117E-02  1.4966E-02 -2.1147E-02  8.2741E-02 -3.0856E-04

 Elapsed estimation  time in seconds:  3208.97
 Elapsed covariance  time in seconds:    71.63
 Elapsed postprocess time in seconds:     5.11
 Elapsed finaloutput time in seconds:     2.19
Done with nonmem execution
F:1 .. 
execute done
